<?xml version="1.0" encoding="UTF-8"?>
<!-- Generated by org.testng.reporters.JUnitReportReporter -->
<testsuite name="com.qmetry.qaf.automation.step.client.Scenario" tests="1" time="0.368" ignored="0" failures="0" timestamp="10 Apr 2018 12:51:48 GMT" skipped="1" hostname="ICPL12834.local" errors="0">
  <testcase name="SampleTest" time="0.368" classname="com.qmetry.qaf.automation.step.client.Scenario">
    <skipped/>
  </testcase> <!-- SampleTest -->
</testsuite> <!-- com.qmetry.qaf.automation.step.client.Scenario -->
